<?xml version="1.0" encoding="UTF-8"?>
<testng-results ignored="0" total="2" passed="1" failed="1" skipped="0">
  <reporter-output>
  </reporter-output>
  <suite started-at="2019-03-24T00:50:27Z" name="Suite" finished-at="2019-03-24T00:51:30Z" duration-ms="63214">
    <groups>
    </groups>
    <test started-at="2019-03-24T00:50:27Z" name="Mouse Test" finished-at="2019-03-24T00:50:37Z" duration-ms="9979">
      <class name="testNGTestScripts.TNGMouseAndKeyActions">
        <test-method is-config="true" signature="beforeMethod()[pri:0, instance:testNGTestScripts.TNGMouseAndKeyActions@3571b748]" started-at="2019-03-24T00:50:27Z" name="beforeMethod" finished-at="2019-03-24T00:50:31Z" duration-ms="4449" status="PASS">
          <reporter-output>
          </reporter-output>
        </test-method> <!-- beforeMethod -->
        <test-method signature="nrightClick()[pri:0, instance:testNGTestScripts.TNGMouseAndKeyActions@3571b748]" started-at="2019-03-24T00:50:31Z" name="nrightClick" finished-at="2019-03-24T00:50:36Z" duration-ms="4795" status="PASS">
          <reporter-output>
          </reporter-output>
        </test-method> <!-- nrightClick -->
        <test-method is-config="true" signature="afterMethod()[pri:0, instance:testNGTestScripts.TNGMouseAndKeyActions@3571b748]" started-at="2019-03-24T00:50:36Z" name="afterMethod" finished-at="2019-03-24T00:50:37Z" duration-ms="690" status="PASS">
          <reporter-output>
          </reporter-output>
        </test-method> <!-- afterMethod -->
      </class> <!-- testNGTestScripts.TNGMouseAndKeyActions -->
    </test> <!-- Mouse Test -->
    <test started-at="2019-03-24T00:50:37Z" name="Robot Test" finished-at="2019-03-24T00:50:54Z" duration-ms="17757">
      <class name="testNGTestScripts.TNGFileUploadUsingRobotClass">
        <test-method is-config="true" signature="openbrowser()[pri:0, instance:testNGTestScripts.TNGFileUploadUsingRobotClass@5f683daf]" started-at="2019-03-24T00:50:37Z" name="openbrowser" finished-at="2019-03-24T00:50:41Z" duration-ms="4597" status="PASS">
          <reporter-output>
          </reporter-output>
        </test-method> <!-- openbrowser -->
        <test-method signature="fileupload_robo()[pri:0, instance:testNGTestScripts.TNGFileUploadUsingRobotClass@5f683daf]" started-at="2019-03-24T00:50:41Z" name="fileupload_robo" finished-at="2019-03-24T00:50:54Z" duration-ms="12441" status="FAIL">
          <exception class="org.openqa.selenium.NoSuchElementException">
            <message>
              <![CDATA[no such element: Unable to locate element: {"method":"class name","selector":"file_selector"}
  (Session info: chrome=72.0.3626.121)
  (Driver info: chromedriver=73.0.3683.20 (8e2b610813e167eee3619ac4ce6e42e3ec622017),platform=Windows NT 10.0.17134 x86_64) (WARNING: The server did not provide any stacktrace information)
Command duration or timeout: 0 milliseconds
For documentation on this error, please visit: https://www.seleniumhq.org/exceptions/no_such_element.html
Build info: version: '3.141.59', revision: 'e82be7d358', time: '2018-11-14T08:25:53'
System info: host: 'VIJAYA', ip: '192.168.1.127', os.name: 'Windows 10', os.arch: 'amd64', os.version: '10.0', java.version: '11.0.2'
Driver info: org.openqa.selenium.chrome.ChromeDriver
Capabilities {acceptInsecureCerts: false, acceptSslCerts: false, applicationCacheEnabled: false, browserConnectionEnabled: false, browserName: chrome, chrome: {chromedriverVersion: 73.0.3683.20 (8e2b610813e16..., userDataDir: C:\Users\vijay\AppData\Loca...}, cssSelectorsEnabled: true, databaseEnabled: false, goog:chromeOptions: {debuggerAddress: localhost:51123}, handlesAlerts: true, hasTouchScreen: false, javascriptEnabled: true, locationContextEnabled: true, mobileEmulationEnabled: false, nativeEvents: true, networkConnectionEnabled: false, pageLoadStrategy: normal, platform: XP, platformName: XP, proxy: Proxy(), rotatable: false, setWindowRect: true, strictFileInteractability: false, takesHeapSnapshot: true, takesScreenshot: true, timeouts: {implicit: 0, pageLoad: 300000, script: 30000}, unexpectedAlertBehaviour: ignore, unhandledPromptBehavior: ignore, version: 72.0.3626.121, webStorageEnabled: true}
Session ID: f97daa8f2e72fd3e712f976154002745
*** Element info: {Using=class name, value=file_selector}]]>
            </message>
            <full-stacktrace>
              <![CDATA[org.openqa.selenium.NoSuchElementException: no such element: Unable to locate element: {"method":"class name","selector":"file_selector"}
  (Session info: chrome=72.0.3626.121)
  (Driver info: chromedriver=73.0.3683.20 (8e2b610813e167eee3619ac4ce6e42e3ec622017),platform=Windows NT 10.0.17134 x86_64) (WARNING: The server did not provide any stacktrace information)
Command duration or timeout: 0 milliseconds
For documentation on this error, please visit: https://www.seleniumhq.org/exceptions/no_such_element.html
Build info: version: '3.141.59', revision: 'e82be7d358', time: '2018-11-14T08:25:53'
System info: host: 'VIJAYA', ip: '192.168.1.127', os.name: 'Windows 10', os.arch: 'amd64', os.version: '10.0', java.version: '11.0.2'
Driver info: org.openqa.selenium.chrome.ChromeDriver
Capabilities {acceptInsecureCerts: false, acceptSslCerts: false, applicationCacheEnabled: false, browserConnectionEnabled: false, browserName: chrome, chrome: {chromedriverVersion: 73.0.3683.20 (8e2b610813e16..., userDataDir: C:\Users\vijay\AppData\Loca...}, cssSelectorsEnabled: true, databaseEnabled: false, goog:chromeOptions: {debuggerAddress: localhost:51123}, handlesAlerts: true, hasTouchScreen: false, javascriptEnabled: true, locationContextEnabled: true, mobileEmulationEnabled: false, nativeEvents: true, networkConnectionEnabled: false, pageLoadStrategy: normal, platform: XP, platformName: XP, proxy: Proxy(), rotatable: false, setWindowRect: true, strictFileInteractability: false, takesHeapSnapshot: true, takesScreenshot: true, timeouts: {implicit: 0, pageLoad: 300000, script: 30000}, unexpectedAlertBehaviour: ignore, unhandledPromptBehavior: ignore, version: 72.0.3626.121, webStorageEnabled: true}
Session ID: f97daa8f2e72fd3e712f976154002745
*** Element info: {Using=class name, value=file_selector}
at java.base/jdk.internal.reflect.NativeConstructorAccessorImpl.newInstance0(Native Method)
at java.base/jdk.internal.reflect.NativeConstructorAccessorImpl.newInstance(NativeConstructorAccessorImpl.java:62)
at java.base/jdk.internal.reflect.DelegatingConstructorAccessorImpl.newInstance(DelegatingConstructorAccessorImpl.java:45)
at java.base/java.lang.reflect.Constructor.newInstance(Constructor.java:490)
at org.openqa.selenium.remote.ErrorHandler.createThrowable(ErrorHandler.java:214)
at org.openqa.selenium.remote.ErrorHandler.throwIfResponseFailed(ErrorHandler.java:166)
at org.openqa.selenium.remote.http.JsonHttpResponseCodec.reconstructValue(JsonHttpResponseCodec.java:40)
at org.openqa.selenium.remote.http.AbstractHttpResponseCodec.decode(AbstractHttpResponseCodec.java:80)
at org.openqa.selenium.remote.http.AbstractHttpResponseCodec.decode(AbstractHttpResponseCodec.java:44)
at org.openqa.selenium.remote.HttpCommandExecutor.execute(HttpCommandExecutor.java:158)
at org.openqa.selenium.remote.service.DriverCommandExecutor.execute(DriverCommandExecutor.java:83)
at org.openqa.selenium.remote.RemoteWebDriver.execute(RemoteWebDriver.java:552)
at org.openqa.selenium.remote.RemoteWebDriver.findElement(RemoteWebDriver.java:323)
at org.openqa.selenium.remote.RemoteWebDriver.findElementByClassName(RemoteWebDriver.java:412)
at org.openqa.selenium.By$ByClassName.findElement(By.java:389)
at org.openqa.selenium.remote.RemoteWebDriver.findElement(RemoteWebDriver.java:315)
at testNGTestScripts.TNGFileUploadUsingRobotClass.fileupload_robo(TNGFileUploadUsingRobotClass.java:34)
at java.base/jdk.internal.reflect.NativeMethodAccessorImpl.invoke0(Native Method)
at java.base/jdk.internal.reflect.NativeMethodAccessorImpl.invoke(NativeMethodAccessorImpl.java:62)
at java.base/jdk.internal.reflect.DelegatingMethodAccessorImpl.invoke(DelegatingMethodAccessorImpl.java:43)
at java.base/java.lang.reflect.Method.invoke(Method.java:566)
at org.testng.internal.MethodInvocationHelper.invokeMethod(MethodInvocationHelper.java:124)
at org.testng.internal.Invoker.invokeMethod(Invoker.java:580)
at org.testng.internal.Invoker.invokeTestMethod(Invoker.java:716)
at org.testng.internal.Invoker.invokeTestMethods(Invoker.java:988)
at org.testng.internal.TestMethodWorker.invokeTestMethods(TestMethodWorker.java:125)
at org.testng.internal.TestMethodWorker.run(TestMethodWorker.java:109)
at java.base/java.util.concurrent.ThreadPoolExecutor.runWorker(ThreadPoolExecutor.java:1128)
at java.base/java.util.concurrent.ThreadPoolExecutor$Worker.run(ThreadPoolExecutor.java:628)
at java.base/java.lang.Thread.run(Thread.java:834)
]]>
            </full-stacktrace>
          </exception> <!-- org.openqa.selenium.NoSuchElementException -->
          <reporter-output>
          </reporter-output>
        </test-method> <!-- fileupload_robo -->
        <test-method is-config="true" signature="closebrowser()[pri:0, instance:testNGTestScripts.TNGFileUploadUsingRobotClass@5f683daf]" started-at="2019-03-24T00:50:54Z" name="closebrowser" finished-at="2019-03-24T00:50:54Z" duration-ms="713" status="PASS">
          <reporter-output>
          </reporter-output>
        </test-method> <!-- closebrowser -->
      </class> <!-- testNGTestScripts.TNGFileUploadUsingRobotClass -->
    </test> <!-- Robot Test -->
    <test started-at="2019-03-24T00:50:54Z" name="DynamicWebTable Test" finished-at="2019-03-24T00:51:30Z" duration-ms="35367">
      <class name="testNGTestScripts.TNGFailedTcScreenShot1">
        <test-method is-config="true" signature="openBrowser()[pri:0, instance:testNGTestScripts.TNGFailedTcScreenShot1@355ce81c]" started-at="2019-03-24T00:50:54Z" name="openBrowser" finished-at="2019-03-24T00:51:02Z" duration-ms="7611" status="PASS">
          <reporter-output>
          </reporter-output>
        </test-method> <!-- openBrowser -->
        <test-method is-config="true" signature="openBrowser()[pri:0, instance:testNGTestScripts.TNGFailedTcScreenShot1@355ce81c]" started-at="2019-03-24T00:50:54Z" name="openBrowser" finished-at="2019-03-24T00:51:03Z" duration-ms="8241" status="PASS">
          <reporter-output>
          </reporter-output>
        </test-method> <!-- openBrowser -->
        <test-method is-config="true" signature="openBrowser()[pri:0, instance:testNGTestScripts.TNGFailedTcScreenShot1@355ce81c]" started-at="2019-03-24T00:51:03Z" name="openBrowser" finished-at="2019-03-24T00:51:11Z" duration-ms="7504" status="PASS">
          <reporter-output>
          </reporter-output>
        </test-method> <!-- openBrowser -->
        <test-method is-config="true" signature="openBrowser()[pri:0, instance:testNGTestScripts.TNGFailedTcScreenShot1@355ce81c]" started-at="2019-03-24T00:51:11Z" name="openBrowser" finished-at="2019-03-24T00:51:17Z" duration-ms="5995" status="PASS">
          <reporter-output>
          </reporter-output>
        </test-method> <!-- openBrowser -->
        <test-method is-config="true" signature="openBrowser()[pri:0, instance:testNGTestScripts.TNGFailedTcScreenShot1@355ce81c]" started-at="2019-03-24T00:51:12Z" name="openBrowser" finished-at="2019-03-24T00:51:18Z" duration-ms="6507" status="PASS">
          <reporter-output>
          </reporter-output>
        </test-method> <!-- openBrowser -->
      </class> <!-- testNGTestScripts.TNGFailedTcScreenShot1 -->
      <class name="testNGTestScripts.TNGHandlingDynamicWebTable">
        <test-method is-config="true" signature="launch()[pri:0, instance:testNGTestScripts.TNGHandlingDynamicWebTable@2892dae4]" started-at="2019-03-24T00:50:54Z" name="launch" finished-at="2019-03-24T00:51:00Z" duration-ms="5629" status="PASS">
          <reporter-output>
          </reporter-output>
        </test-method> <!-- launch -->
        <test-method is-config="true" signature="launch()[pri:0, instance:testNGTestScripts.TNGHandlingDynamicWebTable@2892dae4]" started-at="2019-03-24T00:50:54Z" name="launch" finished-at="2019-03-24T00:51:00Z" duration-ms="5618" status="PASS">
          <reporter-output>
          </reporter-output>
        </test-method> <!-- launch -->
        <test-method is-config="true" signature="launch()[pri:0, instance:testNGTestScripts.TNGHandlingDynamicWebTable@2892dae4]" started-at="2019-03-24T00:50:54Z" name="launch" finished-at="2019-03-24T00:50:59Z" duration-ms="4198" status="PASS">
          <reporter-output>
          </reporter-output>
        </test-method> <!-- launch -->
      </class> <!-- testNGTestScripts.TNGHandlingDynamicWebTable -->
    </test> <!-- DynamicWebTable Test -->
  </suite> <!-- Suite -->
</testng-results>
