<?xml version="1.0" encoding="UTF-8"?>
<!-- Generated by org.testng.reporters.JUnitXMLReporter -->
<testsuite ignored="0" hostname="Vijaya" failures="3" tests="5" name="DynamicWebTable Test" time="57.247" errors="0" timestamp="10 Mar 2019 05:54:43 GMT">
  <testcase classname="testNGTestScripts.TNGFailedTcScreenShot1" name="tc1" time="0.002">
    <failure type="java.lang.AssertionError" message="expected [true] but found [false]">
      <![CDATA[java.lang.AssertionError: expected [true] but found [false]
at testNGTestScripts.TNGFailedTcScreenShot1.tc1(TNGFailedTcScreenShot1.java:24)
at java.base/java.util.concurrent.ThreadPoolExecutor.runWorker(ThreadPoolExecutor.java:1128)
at java.base/java.util.concurrent.ThreadPoolExecutor$Worker.run(ThreadPoolExecutor.java:628)
at java.base/java.lang.Thread.run(Thread.java:834)
... Removed 16 stack frames]]>
    </failure>
  </testcase> <!-- tc1 -->
  <testcase classname="testNGTestScripts.TNGFailedTcScreenShot1" name="tc3" time="0.003">
    <failure type="java.lang.AssertionError" message="expected [true] but found [false]">
      <![CDATA[java.lang.AssertionError: expected [true] but found [false]
at testNGTestScripts.TNGFailedTcScreenShot1.tc3(TNGFailedTcScreenShot1.java:35)
at java.base/java.util.concurrent.ThreadPoolExecutor.runWorker(ThreadPoolExecutor.java:1128)
at java.base/java.util.concurrent.ThreadPoolExecutor$Worker.run(ThreadPoolExecutor.java:628)
at java.base/java.lang.Thread.run(Thread.java:834)
... Removed 16 stack frames]]>
    </failure>
  </testcase> <!-- tc3 -->
  <testcase classname="testNGTestScripts.TNGFailedTcScreenShot1" name="tc2" time="0.001"/>
  <testcase classname="testNGTestScripts.TNGFailedTcScreenShot1" name="tc5" time="0.001">
    <failure type="java.lang.AssertionError" message="expected [true] but found [false]">
      <![CDATA[java.lang.AssertionError: expected [true] but found [false]
at testNGTestScripts.TNGFailedTcScreenShot1.tc5(TNGFailedTcScreenShot1.java:47)
at java.base/java.util.concurrent.ThreadPoolExecutor.runWorker(ThreadPoolExecutor.java:1128)
at java.base/java.util.concurrent.ThreadPoolExecutor$Worker.run(ThreadPoolExecutor.java:628)
at java.base/java.lang.Thread.run(Thread.java:834)
... Removed 16 stack frames]]>
    </failure>
  </testcase> <!-- tc5 -->
  <testcase classname="testNGTestScripts.TNGFailedTcScreenShot1" name="tc4" time="0.001"/>
</testsuite> <!-- DynamicWebTable Test -->
