<?xml version="1.0" encoding="UTF-8"?>
<!-- Generated by org.testng.reporters.JUnitXMLReporter -->
<testsuite ignored="0" hostname="Vijaya" failures="0" tests="2" name="failedTcScreenShot" time="19.012" errors="0" timestamp="24 Mar 2019 00:39:58 GMT">
  <testcase classname="testNGTestScripts.TNGFailedTCScreenShot" name="test1" time="0.005">
    <skipped/>
  </testcase> <!-- test1 -->
  <testcase classname="testNGTestScripts.TNGFailedTCScreenShot" name="test1" time="0.002">
    <skipped/>
  </testcase> <!-- test1 -->
</testsuite> <!-- failedTcScreenShot -->
