<?xml version="1.0" encoding="UTF-8"?>
<!-- Generated by org.testng.reporters.JUnitXMLReporter -->
<testsuite ignored="0" hostname="Vijaya" failures="4" tests="12" name="failedTcScreenShot" time="66.971" errors="0" timestamp="13 Mar 2019 16:15:28 GMT">
  <testcase classname="testNGTestScripts.TNGFailedTCScreenShot" name="test1" time="0.004">
    <skipped/>
  </testcase> <!-- test1 -->
  <testcase classname="testNGTestScripts.TNGFailedTCScreenShot" name="test1" time="0.001">
    <skipped/>
  </testcase> <!-- test1 -->
  <testcase classname="testNGTestScripts.TNGFailedTCScreenShot" name="test1" time="0.001">
    <failure type="java.lang.AssertionError" message="expected [true] but found [false]">
      <![CDATA[java.lang.AssertionError: expected [true] but found [false]
at testNGTestScripts.TNGFailedTCScreenShot.test1(TNGFailedTCScreenShot.java:21)
... Removed 31 stack frames]]>
    </failure>
  </testcase> <!-- test1 -->
  <testcase classname="testNGTestScripts.TNGFailedTCScreenShot" name="test2" time="0.001">
    <skipped/>
  </testcase> <!-- test2 -->
  <testcase classname="testNGTestScripts.TNGFailedTCScreenShot" name="test2" time="0.003">
    <skipped/>
  </testcase> <!-- test2 -->
  <testcase classname="testNGTestScripts.TNGFailedTCScreenShot" name="test2" time="0.002">
    <failure type="java.lang.AssertionError" message="expected [true] but found [false]">
      <![CDATA[java.lang.AssertionError: expected [true] but found [false]
at testNGTestScripts.TNGFailedTCScreenShot.test2(TNGFailedTCScreenShot.java:26)
... Removed 31 stack frames]]>
    </failure>
  </testcase> <!-- test2 -->
  <testcase classname="testNGTestScripts.TNGFailedTCScreenShot" name="test3" time="0.001">
    <skipped/>
  </testcase> <!-- test3 -->
  <testcase classname="testNGTestScripts.TNGFailedTCScreenShot" name="test3" time="0.001">
    <skipped/>
  </testcase> <!-- test3 -->
  <testcase classname="testNGTestScripts.TNGFailedTCScreenShot" name="test3" time="0.001">
    <failure type="java.lang.AssertionError" message="expected [true] but found [false]">
      <![CDATA[java.lang.AssertionError: expected [true] but found [false]
at testNGTestScripts.TNGFailedTCScreenShot.test3(TNGFailedTCScreenShot.java:31)
... Removed 31 stack frames]]>
    </failure>
  </testcase> <!-- test3 -->
  <testcase classname="testNGTestScripts.TNGFailedTCScreenShot" name="test4" time="0.002">
    <skipped/>
  </testcase> <!-- test4 -->
  <testcase classname="testNGTestScripts.TNGFailedTCScreenShot" name="test4" time="0.001">
    <skipped/>
  </testcase> <!-- test4 -->
  <testcase classname="testNGTestScripts.TNGFailedTCScreenShot" name="test4" time="0.001">
    <failure type="java.lang.AssertionError" message="expected [true] but found [false]">
      <![CDATA[java.lang.AssertionError: expected [true] but found [false]
at testNGTestScripts.TNGFailedTCScreenShot.test4(TNGFailedTCScreenShot.java:36)
... Removed 31 stack frames]]>
    </failure>
  </testcase> <!-- test4 -->
</testsuite> <!-- failedTcScreenShot -->
