<?xml version="1.0" encoding="UTF-8"?>
<!-- Generated by org.testng.reporters.JUnitXMLReporter -->
<testsuite ignored="2" hostname="Vijaya" failures="0" tests="1" name="TNGGroupsSignIn" time="19.387" errors="0" timestamp="22 Feb 2019 22:28:29 GMT">
  <testcase classname="testNGTestScripts.TNGGroupsSignIn" name="verifyUserWithvalidUIdPwd" time="9.939"/>
  <testcase classname="testNGTestScripts.TNGGroupsSignIn" name="verifyUserWithvalidUIdInvalidPwd" time="0.0">
    <ignored/>
  </testcase> <!-- verifyUserWithvalidUIdInvalidPwd -->
  <testcase classname="testNGTestScripts.TNGGroupsSignIn" name="verifyUserWithValidUIdBlankPwd" time="0.0">
    <ignored/>
  </testcase> <!-- verifyUserWithValidUIdBlankPwd -->
</testsuite> <!-- TNGGroupsSignIn -->
