<?xml version="1.0" encoding="UTF-8"?>
<!-- Generated by org.testng.reporters.JUnitXMLReporter -->
<testsuite hostname="Vijaya" failures="0" tests="12" name="Regression1" time="0.046" errors="0" timestamp="28 Mar 2019 04:03:39 GMT">
  <testcase classname="demoMavenTestPack.MvnTest" name="div" time="0.009"/>
  <testcase classname="demoMavenTestPack.MvnTest" name="mul" time="0.001"/>
  <testcase classname="demoMavenTestPack.MvnTest" name="sub" time="0.001"/>
  <testcase classname="demoMavenTestPack.MvnTest" name="sum" time="0.001"/>
  <testcase classname="demoMavenTestPack.MvnTest1" name="div" time="0.001"/>
  <testcase classname="demoMavenTestPack.MvnTest1" name="mul" time="0.001"/>
  <testcase classname="demoMavenTestPack.MvnTest1" name="sub" time="0.001"/>
  <testcase classname="demoMavenTestPack.MvnTest1" name="sum" time="0.001"/>
  <testcase classname="demoMavenTestPack.MvnTest2" name="div" time="0.001"/>
  <testcase classname="demoMavenTestPack.MvnTest2" name="mul" time="0.001"/>
  <testcase classname="demoMavenTestPack.MvnTest2" name="sub" time="0.001"/>
  <testcase classname="demoMavenTestPack.MvnTest2" name="sum" time="0.001"/>
</testsuite> <!-- Regression1 -->
