<?xml version="1.0" encoding="UTF-8"?>
<testng-results total="4" passed="4" failed="0" skipped="0">
  <reporter-output>
  </reporter-output>
  <suite started-at="2019-03-31T01:21:22Z" name="Default suite" finished-at="2019-03-31T01:21:22Z" duration-ms="16">
    <groups>
    </groups>
    <test started-at="2019-03-31T01:21:22Z" name="Default test" finished-at="2019-03-31T01:21:22Z" duration-ms="16">
      <class name="demoMavenTestPack.MvnTest">
        <test-method signature="div()[pri:0, instance:demoMavenTestPack.MvnTest@6025e1b6]" started-at="2019-03-30T20:21:22Z" name="div" finished-at="2019-03-30T20:21:22Z" duration-ms="16" status="PASS">
          <reporter-output>
          </reporter-output>
        </test-method> <!-- div -->
        <test-method signature="sum()[pri:0, instance:demoMavenTestPack.MvnTest@6025e1b6]" started-at="2019-03-30T20:21:22Z" name="sum" finished-at="2019-03-30T20:21:22Z" duration-ms="0" status="PASS">
          <reporter-output>
          </reporter-output>
        </test-method> <!-- sum -->
        <test-method signature="sub()[pri:0, instance:demoMavenTestPack.MvnTest@6025e1b6]" started-at="2019-03-30T20:21:22Z" name="sub" finished-at="2019-03-30T20:21:22Z" duration-ms="0" status="PASS">
          <reporter-output>
          </reporter-output>
        </test-method> <!-- sub -->
        <test-method signature="mul()[pri:0, instance:demoMavenTestPack.MvnTest@6025e1b6]" started-at="2019-03-30T20:21:22Z" name="mul" finished-at="2019-03-30T20:21:22Z" duration-ms="0" status="PASS">
          <reporter-output>
          </reporter-output>
        </test-method> <!-- mul -->
      </class> <!-- demoMavenTestPack.MvnTest -->
    </test> <!-- Default test -->
  </suite> <!-- Default suite -->
</testng-results>
